<?xml version="1.0" encoding="UTF-8"?>
<testng-results skipped="0" failed="0" total="10" passed="10">
  <reporter-output>
  </reporter-output>
  <suite name="Default suite" duration-ms="4050" started-at="2021-08-02T11:26:48Z" finished-at="2021-08-02T11:26:52Z">
    <groups>
    </groups>
    <test name="Default test" duration-ms="4050" started-at="2021-08-02T11:26:48Z" finished-at="2021-08-02T11:26:52Z">
      <class name="com.automation.test.TestCases">
        <test-method status="PASS" signature="Launch_App()[pri:0, instance:com.automation.test.TestCases@46d56d67]" name="Launch_App" is-config="true" duration-ms="11105" started-at="2021-08-02T12:26:37Z" finished-at="2021-08-02T12:26:48Z">
          <reporter-output>
          </reporter-output>
        </test-method> <!-- Launch_App -->
        <test-method status="PASS" signature="verify_Pagetitle()[pri:1, instance:com.automation.test.TestCases@46d56d67]" name="verify_Pagetitle" duration-ms="16" started-at="2021-08-02T12:26:48Z" finished-at="2021-08-02T12:26:48Z">
          <reporter-output>
          </reporter-output>
        </test-method> <!-- verify_Pagetitle -->
        <test-method status="PASS" signature="verify_ChallengingDOM()[pri:2, instance:com.automation.test.TestCases@46d56d67]" name="verify_ChallengingDOM" duration-ms="42" started-at="2021-08-02T12:26:48Z" finished-at="2021-08-02T12:26:48Z">
          <reporter-output>
          </reporter-output>
        </test-method> <!-- verify_ChallengingDOM -->
        <test-method status="PASS" signature="verify_pageDescription()[pri:3, instance:com.automation.test.TestCases@46d56d67]" name="verify_pageDescription" duration-ms="31" started-at="2021-08-02T12:26:48Z" finished-at="2021-08-02T12:26:48Z">
          <reporter-output>
          </reporter-output>
        </test-method> <!-- verify_pageDescription -->
        <test-method status="PASS" signature="verify_button1()[pri:4, instance:com.automation.test.TestCases@46d56d67]" name="verify_button1" duration-ms="460" started-at="2021-08-02T12:26:48Z" finished-at="2021-08-02T12:26:49Z">
          <reporter-output>
          </reporter-output>
        </test-method> <!-- verify_button1 -->
        <test-method status="PASS" signature="verify_button2()[pri:5, instance:com.automation.test.TestCases@46d56d67]" name="verify_button2" duration-ms="456" started-at="2021-08-02T12:26:49Z" finished-at="2021-08-02T12:26:49Z">
          <reporter-output>
          </reporter-output>
        </test-method> <!-- verify_button2 -->
        <test-method status="PASS" signature="verify_button3()[pri:6, instance:com.automation.test.TestCases@46d56d67]" name="verify_button3" duration-ms="481" started-at="2021-08-02T12:26:49Z" finished-at="2021-08-02T12:26:50Z">
          <reporter-output>
          </reporter-output>
        </test-method> <!-- verify_button3 -->
        <test-method status="PASS" signature="verify_edit()[pri:7, instance:com.automation.test.TestCases@46d56d67]" name="verify_edit" duration-ms="105" started-at="2021-08-02T12:26:50Z" finished-at="2021-08-02T12:26:50Z">
          <reporter-output>
          </reporter-output>
        </test-method> <!-- verify_edit -->
        <test-method status="PASS" signature="verify_delete()[pri:8, instance:com.automation.test.TestCases@46d56d67]" name="verify_delete" duration-ms="96" started-at="2021-08-02T12:26:50Z" finished-at="2021-08-02T12:26:50Z">
          <reporter-output>
          </reporter-output>
        </test-method> <!-- verify_delete -->
        <test-method status="PASS" signature="verify_GitHubLink()[pri:9, instance:com.automation.test.TestCases@46d56d67]" name="verify_GitHubLink" duration-ms="1998" started-at="2021-08-02T12:26:50Z" finished-at="2021-08-02T12:26:52Z">
          <reporter-output>
          </reporter-output>
        </test-method> <!-- verify_GitHubLink -->
        <test-method status="PASS" signature="verify_Canvas()[pri:10, instance:com.automation.test.TestCases@46d56d67]" name="verify_Canvas" duration-ms="324" started-at="2021-08-02T12:26:52Z" finished-at="2021-08-02T12:26:52Z">
          <reporter-output>
          </reporter-output>
        </test-method> <!-- verify_Canvas -->
        <test-method status="PASS" signature="Close_App()[pri:0, instance:com.automation.test.TestCases@46d56d67]" name="Close_App" is-config="true" duration-ms="1097" started-at="2021-08-02T12:26:52Z" finished-at="2021-08-02T12:26:53Z">
          <reporter-output>
          </reporter-output>
        </test-method> <!-- Close_App -->
      </class> <!-- com.automation.test.TestCases -->
    </test> <!-- Default test -->
  </suite> <!-- Default suite -->
</testng-results>
