<?xml version="1.0" encoding="UTF-8"?>
<!-- Generated by org.testng.reporters.JUnitXMLReporter -->
<testsuite hostname="DESKTOP-JPBOFE2" name="Default test" tests="10" failures="0" timestamp="2 Aug 2021 11:26:52 GMT" time="4.05" errors="0">
  <testcase name="verify_Pagetitle" time="0.016" classname="com.automation.test.TestCases"/>
  <testcase name="verify_ChallengingDOM" time="0.042" classname="com.automation.test.TestCases"/>
  <testcase name="verify_pageDescription" time="0.031" classname="com.automation.test.TestCases"/>
  <testcase name="verify_button1" time="0.46" classname="com.automation.test.TestCases"/>
  <testcase name="verify_button2" time="0.456" classname="com.automation.test.TestCases"/>
  <testcase name="verify_button3" time="0.481" classname="com.automation.test.TestCases"/>
  <testcase name="verify_edit" time="0.105" classname="com.automation.test.TestCases"/>
  <testcase name="verify_delete" time="0.096" classname="com.automation.test.TestCases"/>
  <testcase name="verify_GitHubLink" time="1.998" classname="com.automation.test.TestCases"/>
  <testcase name="verify_Canvas" time="0.324" classname="com.automation.test.TestCases"/>
</testsuite> <!-- Default test -->
